<?xml version="1.0" encoding="UTF-8"?>
<!-- Generated by org.testng.reporters.JUnitReportReporter -->
<testsuite hostname="LAPTOP-5BS2B6EL" failures="0" tests="1" name="hitUtils.CreateCompetition" time="7.064" errors="0" timestamp="2022-02-10T17:39:13 IST" skipped="0">
  <testcase classname="hitUtils.CreateCompetition" name="f" time="7.064"/>
  <system-out/>
</testsuite> <!-- hitUtils.CreateCompetition -->
