<?xml version="1.0" encoding="UTF-8"?>
<!-- Generated by org.testng.reporters.JUnitReportReporter -->
<testsuite hostname="LAPTOP-5BS2B6EL" failures="0" tests="1" name="testCases.CreateCompetition" time="5.106" errors="0" timestamp="2022-02-09T18:37:40 IST" skipped="0">
  <testcase classname="testCases.CreateCompetition" name="f" time="5.106"/>
  <system-out/>
</testsuite> <!-- testCases.CreateCompetition -->
