<?xml version="1.0" encoding="UTF-8"?>
<!-- Generated by org.testng.reporters.JUnitReportReporter -->
<testsuite hostname="LAPTOP-5BS2B6EL" failures="0" tests="1" name="hitUtils.Hit" time="4.718" errors="0" timestamp="2022-02-10T16:43:36 IST" skipped="0">
  <testcase classname="hitUtils.Hit" name="Test_ddf_hssf_input" time="4.718"/>
  <system-out/>
</testsuite> <!-- hitUtils.Hit -->
