<?xml version="1.0" encoding="UTF-8"?>
<!-- Generated by org.testng.reporters.JUnitReportReporter -->
<testsuite hostname="LAPTOP-5BS2B6EL" failures="0" tests="1" name="testCases.AddToCartAndIncreaseQuantity" time="5.667" errors="0" timestamp="2022-03-19T15:38:42 IST" skipped="0">
  <testcase classname="testCases.AddToCartAndIncreaseQuantity" name="FlipKartAddToCart" time="5.667"/>
  <system-out/>
</testsuite> <!-- testCases.AddToCartAndIncreaseQuantity -->
