<?xml version="1.0" encoding="UTF-8"?>
<!-- Generated by org.testng.reporters.JUnitReportReporter -->
<testsuite hostname="LAPTOP-5BS2B6EL" failures="0" tests="6" name="adminTestCases.Asset" time="35.187" errors="0" timestamp="2022-02-16T15:00:54 IST" skipped="5">
  <testcase classname="adminTestCases.Asset" name="AuctionAssetCreationWithYesCarousel" time="35.187"/>
  <system-out/>
  <testcase classname="adminTestCases.Asset" name="FixedAssetCreationWithYesCarousel">
    <skipped/>
  </testcase> <!-- FixedAssetCreationWithYesCarousel -->
  <system-out/>
  <testcase classname="adminTestCases.Asset" name="UpcommingAuctionAssetCreation">
    <skipped/>
  </testcase> <!-- UpcommingAuctionAssetCreation -->
  <system-out/>
  <testcase classname="adminTestCases.Asset" name="FixedAssetCreateVallidations">
    <skipped/>
  </testcase> <!-- FixedAssetCreateVallidations -->
  <system-out/>
  <testcase classname="adminTestCases.Asset" name="AuctionAssetCreationWithNoCarousel">
    <skipped/>
  </testcase> <!-- AuctionAssetCreationWithNoCarousel -->
  <system-out/>
  <testcase classname="adminTestCases.Asset" name="FixedAssetCreationWithNoCarousel">
    <skipped/>
  </testcase> <!-- FixedAssetCreationWithNoCarousel -->
  <system-out/>
</testsuite> <!-- adminTestCases.Asset -->
