<?xml version="1.0" encoding="UTF-8"?>
<!-- Generated by org.testng.reporters.JUnitReportReporter -->
<testsuite hostname="LAPTOP-5BS2B6EL" failures="0" tests="1" name="testCases.Asset" time="0.000" errors="0" timestamp="2022-02-02T21:04:31 IST" skipped="1">
  <testcase classname="testCases.Asset" name="f" time="0.000">
    <skipped/>
  </testcase> <!-- f -->
  <system-out/>
</testsuite> <!-- testCases.Asset -->
